# JRE version: OpenJDK Runtime Environment Temurin-21.0.6+7 (21.0.6+7) (build 21.0.6+7-LTS)
# Java VM: OpenJDK 64-Bit Server VM Temurin-21.0.6+7 (21.0.6+7-LTS, mixed mode, emulated-client, sharing, tiered, compressed oops, compressed class ptrs, g1 gc, windows-amd64)
GC Precious Log:
 CardTable entry size: 512
 Card Set container configuration: InlinePtr #cards 5 size 8 Array Of Cards #cards 12 size 40 Howl #buckets 4 coarsen threshold 1843 Howl Bitmap #cards 512 size 80 coarsen threshold 460 Card regions per heap region 1 cards per card region 2048
 CPUs: 4 total, 4 available
 Memory: 3501M
 Large Page Support: Disabled
 NUMA Support: Disabled
 Compressed Oops: Enabled (32-bit)
 Heap Region Size: 1M
 Heap Min Capacity: 8M
 Heap Initial Capacity: 56M
 Heap Max Capacity: 876M
 Pre-touch: Disabled
 Parallel Workers: 4
 Concurrent Workers: 1
 Concurrent Refinement Workers: 4
 Periodic GC: Disabled
Heap:
 garbage-first heap   total 92160K, used 62029K [0x00000000c9400000, 0x0000000100000000)
  region size 1024K, 19 young (19456K), 5 survivors (5120K)
 Metaspace       used 74662K, committed 75392K, reserved 1114112K
  class space    used 10615K, committed 10944K, reserved 1048576K
GC Heap History (20 events):
Event: 9.565 GC heap before
{Heap before GC invocations=12 (full 0):
 garbage-first heap   total 69632K, used 44758K [0x00000000c9400000, 0x0000000100000000)
  region size 1024K, 18 young (18432K), 4 survivors (4096K)
 Metaspace       used 35504K, committed 35968K, reserved 1114112K
  class space    used 4957K, committed 5184K, reserved 1048576K
}
Event: 9.573 GC heap after
{Heap after GC invocations=13 (full 0):
 garbage-first heap   total 69632K, used 32414K [0x00000000c9400000, 0x0000000100000000)
  region size 1024K, 3 young (3072K), 3 survivors (3072K)
 Metaspace       used 35504K, committed 35968K, reserved 1114112K
  class space    used 4957K, committed 5184K, reserved 1048576K
}
Event: 10.329 GC heap before
{Heap before GC invocations=14 (full 0):
 garbage-first heap   total 69632K, used 60062K [0x00000000c9400000, 0x0000000100000000)
  region size 1024K, 30 young (30720K), 3 survivors (3072K)
 Metaspace       used 39293K, committed 39872K, reserved 1114112K
  class space    used 5530K, committed 5760K, reserved 1048576K
}
Event: 10.338 GC heap after
{Heap after GC invocations=15 (full 0):
 garbage-first heap   total 69632K, used 35312K [0x00000000c9400000, 0x0000000100000000)
  region size 1024K, 4 young (4096K), 4 survivors (4096K)
 Metaspace       used 39293K, committed 39872K, reserved 1114112K
  class space    used 5530K, committed 5760K, reserved 1048576K
}
Event: 10.550 GC heap before
{Heap before GC invocations=15 (full 0):
 garbage-first heap   total 69632K, used 65008K [0x00000000c9400000, 0x0000000100000000)
  region size 1024K, 29 young (29696K), 4 survivors (4096K)
 Metaspace       used 39551K, committed 40128K, reserved 1114112K
  class space    used 5556K, committed 5824K, reserved 1048576K
}
Event: 10.567 GC heap after
{Heap after GC invocations=16 (full 0):
 garbage-first heap   total 75776K, used 39226K [0x00000000c9400000, 0x0000000100000000)
  region size 1024K, 4 young (4096K), 4 survivors (4096K)
 Metaspace       used 39551K, committed 40128K, reserved 1114112K
  class space    used 5556K, committed 5824K, reserved 1048576K
}
Event: 10.571 GC heap before
{Heap before GC invocations=16 (full 0):
 garbage-first heap   total 75776K, used 39226K [0x00000000c9400000, 0x0000000100000000)
  region size 1024K, 5 young (5120K), 4 survivors (4096K)
 Metaspace       used 39551K, committed 40128K, reserved 1114112K
  class space    used 5556K, committed 5824K, reserved 1048576K
}
Event: 10.576 GC heap after
{Heap after GC invocations=17 (full 0):
 garbage-first heap   total 75776K, used 40066K [0x00000000c9400000, 0x0000000100000000)
  region size 1024K, 1 young (1024K), 1 survivors (1024K)
 Metaspace       used 39551K, committed 40128K, reserved 1114112K
  class space    used 5556K, committed 5824K, reserved 1048576K
}
Event: 11.247 GC heap before
{Heap before GC invocations=18 (full 0):
 garbage-first heap   total 75776K, used 62594K [0x00000000c9400000, 0x0000000100000000)
  region size 1024K, 22 young (22528K), 1 survivors (1024K)
 Metaspace       used 41547K, committed 42240K, reserved 1114112K
  class space    used 5869K, committed 6208K, reserved 1048576K
}
Event: 11.251 GC heap after
{Heap after GC invocations=19 (full 0):
 garbage-first heap   total 75776K, used 41732K [0x00000000c9400000, 0x0000000100000000)
  region size 1024K, 2 young (2048K), 2 survivors (2048K)
 Metaspace       used 41547K, committed 42240K, reserved 1114112K
  class space    used 5869K, committed 6208K, reserved 1048576K
}
Event: 11.935 GC heap before
{Heap before GC invocations=19 (full 0):
 garbage-first heap   total 75776K, used 63236K [0x00000000c9400000, 0x0000000100000000)
  region size 1024K, 24 young (24576K), 2 survivors (2048K)
 Metaspace       used 46574K, committed 47232K, reserved 1114112K
  class space    used 6604K, committed 6912K, reserved 1048576K
}
Event: 11.943 GC heap after
{Heap after GC invocations=20 (full 0):
 garbage-first heap   total 75776K, used 42782K [0x00000000c9400000, 0x0000000100000000)
  region size 1024K, 3 young (3072K), 3 survivors (3072K)
 Metaspace       used 46574K, committed 47232K, reserved 1114112K
  class space    used 6604K, committed 6912K, reserved 1048576K
}
Event: 12.917 GC heap before
{Heap before GC invocations=20 (full 0):
 garbage-first heap   total 75776K, used 64286K [0x00000000c9400000, 0x0000000100000000)
  region size 1024K, 25 young (25600K), 3 survivors (3072K)
 Metaspace       used 54743K, committed 55424K, reserved 1114112K
  class space    used 7676K, committed 8000K, reserved 1048576K
}
Event: 12.925 GC heap after
{Heap after GC invocations=21 (full 0):
 garbage-first heap   total 75776K, used 45120K [0x00000000c9400000, 0x0000000100000000)
  region size 1024K, 4 young (4096K), 4 survivors (4096K)
 Metaspace       used 54743K, committed 55424K, reserved 1114112K
  class space    used 7676K, committed 8000K, reserved 1048576K
}
Event: 14.265 GC heap before
{Heap before GC invocations=22 (full 0):
 garbage-first heap   total 76800K, used 65600K [0x00000000c9400000, 0x0000000100000000)
  region size 1024K, 24 young (24576K), 4 survivors (4096K)
 Metaspace       used 59169K, committed 59904K, reserved 1114112K
  class space    used 8294K, committed 8640K, reserved 1048576K
}
Event: 14.272 GC heap after
{Heap after GC invocations=23 (full 0):
 garbage-first heap   total 76800K, used 46707K [0x00000000c9400000, 0x0000000100000000)
  region size 1024K, 2 young (2048K), 2 survivors (2048K)
 Metaspace       used 59169K, committed 59904K, reserved 1114112K
  class space    used 8294K, committed 8640K, reserved 1048576K
}
Event: 15.099 GC heap before
{Heap before GC invocations=23 (full 0):
 garbage-first heap   total 76800K, used 67187K [0x00000000c9400000, 0x0000000100000000)
  region size 1024K, 23 young (23552K), 2 survivors (2048K)
 Metaspace       used 65210K, committed 65856K, reserved 1114112K
  class space    used 9167K, committed 9472K, reserved 1048576K
}
Event: 15.107 GC heap after
{Heap after GC invocations=24 (full 0):
 garbage-first heap   total 92160K, used 46842K [0x00000000c9400000, 0x0000000100000000)
  region size 1024K, 3 young (3072K), 3 survivors (3072K)
 Metaspace       used 65210K, committed 65856K, reserved 1114112K
  class space    used 9167K, committed 9472K, reserved 1048576K
}
Event: 16.451 GC heap before
{Heap before GC invocations=24 (full 0):
 garbage-first heap   total 92160K, used 78586K [0x00000000c9400000, 0x0000000100000000)
  region size 1024K, 35 young (35840K), 3 survivors (3072K)
 Metaspace       used 71883K, committed 72640K, reserved 1114112K
  class space    used 10172K, committed 10496K, reserved 1048576K
}
Event: 16.459 GC heap after
{Heap after GC invocations=25 (full 0):
 garbage-first heap   total 92160K, used 48717K [0x00000000c9400000, 0x0000000100000000)
  region size 1024K, 5 young (5120K), 5 survivors (5120K)
 Metaspace       used 71883K, committed 72640K, reserved 1114112K
  class space    used 10172K, committed 10496K, reserved 1048576K
}

