# JRE version: OpenJDK Runtime Environment Temurin-21.0.6+7 (21.0.6+7) (build 21.0.6+7-LTS)
# Java VM: OpenJDK 64-Bit Server VM Temurin-21.0.6+7 (21.0.6+7-LTS, mixed mode, emulated-client, sharing, tiered, compressed oops, compressed class ptrs, g1 gc, windows-amd64)
GC Precious Log:
 CardTable entry size: 512
 Card Set container configuration: InlinePtr #cards 5 size 8 Array Of Cards #cards 12 size 40 Howl #buckets 4 coarsen threshold 1843 Howl Bitmap #cards 512 size 80 coarsen threshold 460 Card regions per heap region 1 cards per card region 2048
 CPUs: 4 total, 4 available
 Memory: 3501M
 Large Page Support: Disabled
 NUMA Support: Disabled
 Compressed Oops: Enabled (32-bit)
 Heap Region Size: 1M
 Heap Min Capacity: 8M
 Heap Initial Capacity: 56M
 Heap Max Capacity: 876M
 Pre-touch: Disabled
 Parallel Workers: 4
 Concurrent Workers: 1
 Concurrent Refinement Workers: 4
 Periodic GC: Disabled
Heap:
 garbage-first heap   total 91136K, used 60748K [0x00000000c9400000, 0x0000000100000000)
  region size 1024K, 7 young (7168K), 4 survivors (4096K)
 Metaspace       used 86256K, committed 87104K, reserved 1179648K
  class space    used 12569K, committed 12928K, reserved 1048576K
GC Heap History (20 events):
Event: 32.529 GC heap before
{Heap before GC invocations=29 (full 0):
 garbage-first heap   total 75776K, used 66324K [0x00000000c9400000, 0x0000000100000000)
  region size 1024K, 24 young (24576K), 3 survivors (3072K)
 Metaspace       used 61662K, committed 62400K, reserved 1114112K
  class space    used 8605K, committed 8960K, reserved 1048576K
}
Event: 32.538 GC heap after
{Heap after GC invocations=30 (full 0):
 garbage-first heap   total 75776K, used 47432K [0x00000000c9400000, 0x0000000100000000)
  region size 1024K, 2 young (2048K), 2 survivors (2048K)
 Metaspace       used 61662K, committed 62400K, reserved 1114112K
  class space    used 8605K, committed 8960K, reserved 1048576K
}
Event: 35.799 GC heap before
{Heap before GC invocations=31 (full 0):
 garbage-first heap   total 80896K, used 66888K [0x00000000c9400000, 0x0000000100000000)
  region size 1024K, 22 young (22528K), 2 survivors (2048K)
 Metaspace       used 67253K, committed 67904K, reserved 1114112K
  class space    used 9547K, committed 9856K, reserved 1048576K
}
Event: 35.804 GC heap after
{Heap after GC invocations=32 (full 0):
 garbage-first heap   total 80896K, used 47977K [0x00000000c9400000, 0x0000000100000000)
  region size 1024K, 2 young (2048K), 2 survivors (2048K)
 Metaspace       used 67253K, committed 67904K, reserved 1114112K
  class space    used 9547K, committed 9856K, reserved 1048576K
}
Event: 38.760 GC heap before
{Heap before GC invocations=32 (full 0):
 garbage-first heap   total 80896K, used 73577K [0x00000000c9400000, 0x0000000100000000)
  region size 1024K, 27 young (27648K), 2 survivors (2048K)
 Metaspace       used 72699K, committed 73408K, reserved 1114112K
  class space    used 10255K, committed 10560K, reserved 1048576K
}
Event: 38.769 GC heap after
{Heap after GC invocations=33 (full 0):
 garbage-first heap   total 80896K, used 47882K [0x00000000c9400000, 0x0000000100000000)
  region size 1024K, 4 young (4096K), 4 survivors (4096K)
 Metaspace       used 72699K, committed 73408K, reserved 1114112K
  class space    used 10255K, committed 10560K, reserved 1048576K
}
Event: 41.170 GC heap before
{Heap before GC invocations=33 (full 0):
 garbage-first heap   total 80896K, used 70410K [0x00000000c9400000, 0x0000000100000000)
  region size 1024K, 27 young (27648K), 4 survivors (4096K)
 Metaspace       used 76629K, committed 77376K, reserved 1179648K
  class space    used 10995K, committed 11328K, reserved 1048576K
}
Event: 41.182 GC heap after
{Heap after GC invocations=34 (full 0):
 garbage-first heap   total 80896K, used 49745K [0x00000000c9400000, 0x0000000100000000)
  region size 1024K, 4 young (4096K), 4 survivors (4096K)
 Metaspace       used 76629K, committed 77376K, reserved 1179648K
  class space    used 10995K, committed 11328K, reserved 1048576K
}
Event: 41.610 GC heap before
{Heap before GC invocations=35 (full 0):
 garbage-first heap   total 83968K, used 70225K [0x00000000c9400000, 0x0000000100000000)
  region size 1024K, 25 young (25600K), 4 survivors (4096K)
 Metaspace       used 78104K, committed 78848K, reserved 1179648K
  class space    used 11376K, committed 11712K, reserved 1048576K
}
Event: 41.620 GC heap after
{Heap after GC invocations=36 (full 0):
 garbage-first heap   total 83968K, used 51865K [0x00000000c9400000, 0x0000000100000000)
  region size 1024K, 4 young (4096K), 4 survivors (4096K)
 Metaspace       used 78104K, committed 78848K, reserved 1179648K
  class space    used 11376K, committed 11712K, reserved 1048576K
}
Event: 41.710 GC heap before
{Heap before GC invocations=36 (full 0):
 garbage-first heap   total 83968K, used 74393K [0x00000000c9400000, 0x0000000100000000)
  region size 1024K, 26 young (26624K), 4 survivors (4096K)
 Metaspace       used 78116K, committed 78848K, reserved 1179648K
  class space    used 11376K, committed 11712K, reserved 1048576K
}
Event: 41.720 GC heap after
{Heap after GC invocations=37 (full 0):
 garbage-first heap   total 83968K, used 51945K [0x00000000c9400000, 0x0000000100000000)
  region size 1024K, 2 young (2048K), 2 survivors (2048K)
 Metaspace       used 78116K, committed 78848K, reserved 1179648K
  class space    used 11376K, committed 11712K, reserved 1048576K
}
Event: 42.792 GC heap before
{Heap before GC invocations=37 (full 0):
 garbage-first heap   total 83968K, used 74473K [0x00000000c9400000, 0x0000000100000000)
  region size 1024K, 25 young (25600K), 2 survivors (2048K)
 Metaspace       used 81172K, committed 81920K, reserved 1179648K
  class space    used 11798K, committed 12096K, reserved 1048576K
}
Event: 42.798 GC heap after
{Heap after GC invocations=38 (full 0):
 garbage-first heap   total 83968K, used 53488K [0x00000000c9400000, 0x0000000100000000)
  region size 1024K, 3 young (3072K), 3 survivors (3072K)
 Metaspace       used 81172K, committed 81920K, reserved 1179648K
  class space    used 11798K, committed 12096K, reserved 1048576K
}
Event: 44.302 GC heap before
{Heap before GC invocations=39 (full 0):
 garbage-first heap   total 91136K, used 74992K [0x00000000c9400000, 0x0000000100000000)
  region size 1024K, 24 young (24576K), 3 survivors (3072K)
 Metaspace       used 82654K, committed 83392K, reserved 1179648K
  class space    used 12014K, committed 12352K, reserved 1048576K
}
Event: 44.314 GC heap after
{Heap after GC invocations=40 (full 0):
 garbage-first heap   total 91136K, used 55824K [0x00000000c9400000, 0x0000000100000000)
  region size 1024K, 3 young (3072K), 3 survivors (3072K)
 Metaspace       used 82654K, committed 83392K, reserved 1179648K
  class space    used 12014K, committed 12352K, reserved 1048576K
}
Event: 46.577 GC heap before
{Heap before GC invocations=40 (full 0):
 garbage-first heap   total 91136K, used 81424K [0x00000000c9400000, 0x0000000100000000)
  region size 1024K, 28 young (28672K), 3 survivors (3072K)
 Metaspace       used 84229K, committed 85056K, reserved 1179648K
  class space    used 12272K, committed 12608K, reserved 1048576K
}
Event: 46.589 GC heap after
{Heap after GC invocations=41 (full 0):
 garbage-first heap   total 91136K, used 56717K [0x00000000c9400000, 0x0000000100000000)
  region size 1024K, 4 young (4096K), 4 survivors (4096K)
 Metaspace       used 84229K, committed 85056K, reserved 1179648K
  class space    used 12272K, committed 12608K, reserved 1048576K
}
Event: 47.357 GC heap before
{Heap before GC invocations=41 (full 0):
 garbage-first heap   total 91136K, used 80269K [0x00000000c9400000, 0x0000000100000000)
  region size 1024K, 28 young (28672K), 4 survivors (4096K)
 Metaspace       used 86109K, committed 86976K, reserved 1179648K
  class space    used 12552K, committed 12928K, reserved 1048576K
}
Event: 47.367 GC heap after
{Heap after GC invocations=42 (full 0):
 garbage-first heap   total 91136K, used 58700K [0x00000000c9400000, 0x0000000100000000)
  region size 1024K, 4 young (4096K), 4 survivors (4096K)
 Metaspace       used 86109K, committed 86976K, reserved 1179648K
  class space    used 12552K, committed 12928K, reserved 1048576K
}

